<?xml version="1.0" encoding="UTF-8"?>
<coverage generated="1655131676246" clover="3.2.0">
  <project timestamp="1655131676246" name="All files">
    <metrics statements="93" coveredstatements="81" conditionals="48" coveredconditionals="30" methods="37" coveredmethods="31" elements="178" coveredelements="142" complexity="0" loc="93" ncloc="93" packages="4" files="10" classes="10"/>
    <package name="components">
      <metrics statements="33" coveredstatements="31" conditionals="20" coveredconditionals="12" methods="12" coveredmethods="11"/>
      <file name="Button.tsx" path="/Users/santiagosolis/Documents/Trabajo/ReactNative/jokesApp/src/components/Button.tsx">
        <metrics statements="3" coveredstatements="3" conditionals="0" coveredconditionals="0" methods="1" coveredmethods="1"/>
        <line num="9" count="3" type="stmt"/>
        <line num="10" count="39" type="stmt"/>
        <line num="19" count="3" type="stmt"/>
      </file>
      <file name="Card.tsx" path="/Users/santiagosolis/Documents/Trabajo/ReactNative/jokesApp/src/components/Card.tsx">
        <metrics statements="4" coveredstatements="4" conditionals="8" coveredconditionals="8" methods="1" coveredmethods="1"/>
        <line num="12" count="3" type="stmt"/>
        <line num="20" count="3" type="stmt"/>
        <line num="21" count="18" type="stmt"/>
        <line num="46" count="3" type="stmt"/>
      </file>
      <file name="Carousel.tsx" path="/Users/santiagosolis/Documents/Trabajo/ReactNative/jokesApp/src/components/Carousel.tsx">
        <metrics statements="12" coveredstatements="10" conditionals="8" coveredconditionals="1" methods="4" coveredmethods="3"/>
        <line num="15" count="3" type="stmt"/>
        <line num="26" count="3" type="stmt"/>
        <line num="34" count="6" type="stmt"/>
        <line num="35" count="6" type="stmt"/>
        <line num="37" count="0" type="cond" truecount="0" falsecount="4"/>
        <line num="38" count="0" type="cond" truecount="0" falsecount="2"/>
        <line num="43" count="6" type="stmt"/>
        <line num="49" count="6" type="stmt"/>
        <line num="68" count="18" type="stmt"/>
        <line num="73" count="1" type="cond" truecount="1" falsecount="1"/>
        <line num="74" count="1" type="stmt"/>
        <line num="85" count="3" type="stmt"/>
      </file>
      <file name="Indicator.tsx" path="/Users/santiagosolis/Documents/Trabajo/ReactNative/jokesApp/src/components/Indicator.tsx">
        <metrics statements="6" coveredstatements="6" conditionals="2" coveredconditionals="2" methods="2" coveredmethods="2"/>
        <line num="4" count="3" type="stmt"/>
        <line num="6" count="3" type="stmt"/>
        <line num="13" count="6" type="stmt"/>
        <line num="18" count="24" type="cond" truecount="2" falsecount="0"/>
        <line num="19" count="24" type="stmt"/>
        <line num="29" count="3" type="stmt"/>
      </file>
      <file name="SavedCards.tsx" path="/Users/santiagosolis/Documents/Trabajo/ReactNative/jokesApp/src/components/SavedCards.tsx">
        <metrics statements="5" coveredstatements="5" conditionals="2" coveredconditionals="1" methods="3" coveredmethods="3"/>
        <line num="10" count="2" type="stmt"/>
        <line num="11" count="2" type="stmt"/>
        <line num="16" count="2" type="cond" truecount="1" falsecount="1"/>
        <line num="18" count="1" type="stmt"/>
        <line num="29" count="2" type="stmt"/>
      </file>
      <file name="Title.tsx" path="/Users/santiagosolis/Documents/Trabajo/ReactNative/jokesApp/src/components/Title.tsx">
        <metrics statements="3" coveredstatements="3" conditionals="0" coveredconditionals="0" methods="1" coveredmethods="1"/>
        <line num="9" count="2" type="stmt"/>
        <line num="10" count="38" type="stmt"/>
        <line num="19" count="2" type="stmt"/>
      </file>
    </package>
    <package name="navigator">
      <metrics statements="4" coveredstatements="4" conditionals="0" coveredconditionals="0" methods="1" coveredmethods="1"/>
      <file name="AppNavigator.tsx" path="/Users/santiagosolis/Documents/Trabajo/ReactNative/jokesApp/src/navigator/AppNavigator.tsx">
        <metrics statements="4" coveredstatements="4" conditionals="0" coveredconditionals="0" methods="1" coveredmethods="1"/>
        <line num="8" count="1" type="stmt"/>
        <line num="15" count="1" type="stmt"/>
        <line num="16" count="3" type="stmt"/>
        <line num="32" count="1" type="stmt"/>
      </file>
    </package>
    <package name="screens">
      <metrics statements="28" coveredstatements="25" conditionals="10" coveredconditionals="7" methods="12" coveredmethods="10"/>
      <file name="Home.tsx" path="/Users/santiagosolis/Documents/Trabajo/ReactNative/jokesApp/src/screens/Home.tsx">
        <metrics statements="19" coveredstatements="16" conditionals="6" coveredconditionals="4" methods="8" coveredmethods="6"/>
        <line num="21" count="2" type="stmt"/>
        <line num="25" count="2" type="stmt"/>
        <line num="26" count="44" type="stmt"/>
        <line num="27" count="44" type="stmt"/>
        <line num="28" count="44" type="stmt"/>
        <line num="29" count="44" type="stmt"/>
        <line num="31" count="44" type="stmt"/>
        <line num="32" count="4" type="stmt"/>
        <line num="34" count="3" type="stmt"/>
        <line num="43" count="44" type="stmt"/>
        <line num="44" count="0" type="stmt"/>
        <line num="45" count="0" type="stmt"/>
        <line num="48" count="44" type="stmt"/>
        <line num="49" count="1" type="cond" truecount="1" falsecount="1"/>
        <line num="50" count="1" type="stmt"/>
        <line num="53" count="44" type="stmt"/>
        <line num="67" count="16" type="stmt"/>
        <line num="76" count="0" type="stmt"/>
        <line num="92" count="2" type="stmt"/>
      </file>
      <file name="Saved.tsx" path="/Users/santiagosolis/Documents/Trabajo/ReactNative/jokesApp/src/screens/Saved.tsx">
        <metrics statements="9" coveredstatements="9" conditionals="4" coveredconditionals="3" methods="4" coveredmethods="4"/>
        <line num="6" count="2" type="stmt"/>
        <line num="7" count="3" type="stmt"/>
        <line num="8" count="3" type="stmt"/>
        <line num="9" count="1" type="cond" truecount="1" falsecount="1"/>
        <line num="10" count="1" type="stmt"/>
        <line num="13" count="3" type="stmt"/>
        <line num="17" count="2" type="stmt"/>
        <line num="20" count="2" type="stmt"/>
        <line num="36" count="2" type="stmt"/>
      </file>
    </package>
    <package name="store">
      <metrics statements="28" coveredstatements="21" conditionals="18" coveredconditionals="11" methods="12" coveredmethods="9"/>
      <file name="Provider.tsx" path="/Users/santiagosolis/Documents/Trabajo/ReactNative/jokesApp/src/store/Provider.tsx">
        <metrics statements="28" coveredstatements="21" conditionals="18" coveredconditionals="11" methods="12" coveredmethods="9"/>
        <line num="10" count="1" type="stmt"/>
        <line num="11" count="19" type="stmt"/>
        <line num="12" count="19" type="stmt"/>
        <line num="14" count="19" type="stmt"/>
        <line num="15" count="5" type="stmt"/>
        <line num="16" count="5" type="stmt"/>
        <line num="17" count="5" type="cond" truecount="3" falsecount="1"/>
        <line num="18" count="5" type="stmt"/>
        <line num="19" count="5" type="stmt"/>
        <line num="20" count="0" type="stmt"/>
        <line num="22" count="5" type="stmt"/>
        <line num="25" count="5" type="stmt"/>
        <line num="26" count="5" type="stmt"/>
        <line num="27" count="4" type="cond" truecount="2" falsecount="2"/>
        <line num="28" count="0" type="stmt"/>
        <line num="33" count="19" type="stmt"/>
        <line num="34" count="4" type="cond" truecount="2" falsecount="0"/>
        <line num="35" count="3" type="cond" truecount="2" falsecount="2"/>
        <line num="36" count="0" type="stmt"/>
        <line num="37" count="0" type="stmt"/>
        <line num="40" count="3" type="stmt"/>
        <line num="43" count="19" type="stmt"/>
        <line num="44" count="1" type="cond" truecount="2" falsecount="2"/>
        <line num="45" count="0" type="stmt"/>
        <line num="46" count="0" type="stmt"/>
        <line num="47" count="0" type="stmt"/>
        <line num="50" count="1" type="stmt"/>
        <line num="52" count="19" type="stmt"/>
      </file>
    </package>
  </project>
</coverage>
