{"/Users/santiagosolis/Documents/Trabajo/ReactNative/jokesApp/src/components/Button.tsx": {"path":"/Users/santiagosolis/Documents/Trabajo/ReactNative/jokesApp/src/components/Button.tsx","statementMap":{"0":{"start":{"line":9,"column":38},"end":{"line":15,"column":1}},"1":{"start":{"line":10,"column":2},"end":{"line":14,"column":4}},"2":{"start":{"line":19,"column":15},"end":{"line":32,"column":2}}},"fnMap":{"0":{"name":"(anonymous_0)","decl":{"start":{"line":9,"column":38},"end":{"line":9,"column":39}},"loc":{"start":{"line":9,"column":60},"end":{"line":15,"column":1}},"line":9}},"branchMap":{},"s":{"0":3,"1":39,"2":3},"f":{"0":39},"b":{},"_coverageSchema":"1a1c01bbd47fc00a2c39e90264f33305004495a9","hash":"9ab5e6bcf45d8cd5cc6f1ff884b0ae616820306f"}
,"/Users/santiagosolis/Documents/Trabajo/ReactNative/jokesApp/src/components/Card.tsx": {"path":"/Users/santiagosolis/Documents/Trabajo/ReactNative/jokesApp/src/components/Card.tsx","statementMap":{"0":{"start":{"line":12,"column":16},"end":{"line":12,"column":40}},"1":{"start":{"line":20,"column":17},"end":{"line":44,"column":1}},"2":{"start":{"line":21,"column":2},"end":{"line":43,"column":4}},"3":{"start":{"line":46,"column":15},"end":{"line":88,"column":2}}},"fnMap":{"0":{"name":"(anonymous_0)","decl":{"start":{"line":20,"column":17},"end":{"line":20,"column":18}},"loc":{"start":{"line":20,"column":72},"end":{"line":44,"column":1}},"line":20}},"branchMap":{"0":{"loc":{"start":{"line":26,"column":27},"end":{"line":28,"column":44}},"type":"cond-expr","locations":[{"start":{"line":27,"column":14},"end":{"line":27,"column":29}},{"start":{"line":28,"column":14},"end":{"line":28,"column":44}}],"line":26},"1":{"loc":{"start":{"line":31,"column":7},"end":{"line":35,"column":7}},"type":"binary-expr","locations":[{"start":{"line":31,"column":7},"end":{"line":31,"column":16}},{"start":{"line":32,"column":8},"end":{"line":34,"column":15}}],"line":31},"2":{"loc":{"start":{"line":36,"column":33},"end":{"line":36,"column":72}},"type":"cond-expr","locations":[{"start":{"line":36,"column":45},"end":{"line":36,"column":65}},{"start":{"line":36,"column":68},"end":{"line":36,"column":72}}],"line":36},"3":{"loc":{"start":{"line":39,"column":35},"end":{"line":39,"column":74}},"type":"cond-expr","locations":[{"start":{"line":39,"column":47},"end":{"line":39,"column":67}},{"start":{"line":39,"column":70},"end":{"line":39,"column":74}}],"line":39}},"s":{"0":3,"1":3,"2":18,"3":3},"f":{"0":18},"b":{"0":[17,1],"1":[18,1],"2":[1,17],"3":[1,17]},"_coverageSchema":"1a1c01bbd47fc00a2c39e90264f33305004495a9","hash":"1929125b93f9a748e215ce0f16e6e3d5cfc30ecb"}
,"/Users/santiagosolis/Documents/Trabajo/ReactNative/jokesApp/src/components/Carousel.tsx": {"path":"/Users/santiagosolis/Documents/Trabajo/ReactNative/jokesApp/src/components/Carousel.tsx","statementMap":{"0":{"start":{"line":15,"column":16},"end":{"line":15,"column":40}},"1":{"start":{"line":26,"column":17},"end":{"line":81,"column":1}},"2":{"start":{"line":34,"column":18},"end":{"line":34,"column":61}},"3":{"start":{"line":35,"column":33},"end":{"line":41,"column":3}},"4":{"start":{"line":37,"column":6},"end":{"line":39,"column":7}},"5":{"start":{"line":38,"column":8},"end":{"line":38,"column":43}},"6":{"start":{"line":43,"column":28},"end":{"line":47,"column":4}},"7":{"start":{"line":49,"column":2},"end":{"line":80,"column":4}},"8":{"start":{"line":68,"column":33},"end":{"line":68,"column":43}},"9":{"start":{"line":73,"column":10},"end":{"line":75,"column":11}},"10":{"start":{"line":74,"column":12},"end":{"line":74,"column":29}},"11":{"start":{"line":85,"column":15},"end":{"line":90,"column":2}}},"fnMap":{"0":{"name":"(anonymous_0)","decl":{"start":{"line":26,"column":17},"end":{"line":26,"column":18}},"loc":{"start":{"line":33,"column":21},"end":{"line":81,"column":1}},"line":33},"1":{"name":"(anonymous_1)","decl":{"start":{"line":36,"column":4},"end":{"line":36,"column":5}},"loc":{"start":{"line":36,"column":43},"end":{"line":40,"column":5}},"line":36},"2":{"name":"(anonymous_2)","decl":{"start":{"line":68,"column":22},"end":{"line":68,"column":23}},"loc":{"start":{"line":68,"column":33},"end":{"line":68,"column":43}},"line":68},"3":{"name":"(anonymous_3)","decl":{"start":{"line":72,"column":22},"end":{"line":72,"column":23}},"loc":{"start":{"line":72,"column":28},"end":{"line":76,"column":9}},"line":72}},"branchMap":{"0":{"loc":{"start":{"line":37,"column":6},"end":{"line":39,"column":7}},"type":"if","locations":[{"start":{"line":37,"column":6},"end":{"line":39,"column":7}},{"start":{},"end":{}}],"line":37},"1":{"loc":{"start":{"line":37,"column":10},"end":{"line":37,"column":39}},"type":"binary-expr","locations":[{"start":{"line":37,"column":10},"end":{"line":37,"column":17}},{"start":{"line":37,"column":21},"end":{"line":37,"column":39}}],"line":37},"2":{"loc":{"start":{"line":38,"column":20},"end":{"line":38,"column":41}},"type":"binary-expr","locations":[{"start":{"line":38,"column":20},"end":{"line":38,"column":36}},{"start":{"line":38,"column":40},"end":{"line":38,"column":41}}],"line":38},"3":{"loc":{"start":{"line":73,"column":10},"end":{"line":75,"column":11}},"type":"if","locations":[{"start":{"line":73,"column":10},"end":{"line":75,"column":11}},{"start":{},"end":{}}],"line":73}},"s":{"0":3,"1":3,"2":6,"3":6,"4":0,"5":0,"6":6,"7":6,"8":18,"9":1,"10":1,"11":3},"f":{"0":6,"1":0,"2":18,"3":1},"b":{"0":[0,0],"1":[0,0],"2":[0,0],"3":[1,0]},"_coverageSchema":"1a1c01bbd47fc00a2c39e90264f33305004495a9","hash":"e41f58eb40f7810b3740f17dfa0e53ea385f1859"}
,"/Users/santiagosolis/Documents/Trabajo/ReactNative/jokesApp/src/components/Indicator.tsx": {"path":"/Users/santiagosolis/Documents/Trabajo/ReactNative/jokesApp/src/components/Indicator.tsx","statementMap":{"0":{"start":{"line":4,"column":16},"end":{"line":4,"column":40}},"1":{"start":{"line":6,"column":18},"end":{"line":27,"column":1}},"2":{"start":{"line":13,"column":2},"end":{"line":26,"column":4}},"3":{"start":{"line":18,"column":26},"end":{"line":18,"column":53}},"4":{"start":{"line":19,"column":10},"end":{"line":23,"column":12}},"5":{"start":{"line":29,"column":15},"end":{"line":45,"column":2}}},"fnMap":{"0":{"name":"(anonymous_0)","decl":{"start":{"line":6,"column":18},"end":{"line":6,"column":19}},"loc":{"start":{"line":12,"column":6},"end":{"line":27,"column":1}},"line":12},"1":{"name":"(anonymous_1)","decl":{"start":{"line":17,"column":13},"end":{"line":17,"column":14}},"loc":{"start":{"line":17,"column":28},"end":{"line":24,"column":9}},"line":17}},"branchMap":{"0":{"loc":{"start":{"line":18,"column":26},"end":{"line":18,"column":53}},"type":"cond-expr","locations":[{"start":{"line":18,"column":46},"end":{"line":18,"column":47}},{"start":{"line":18,"column":50},"end":{"line":18,"column":53}}],"line":18}},"s":{"0":3,"1":3,"2":6,"3":24,"4":24,"5":3},"f":{"0":6,"1":24},"b":{"0":[6,18]},"_coverageSchema":"1a1c01bbd47fc00a2c39e90264f33305004495a9","hash":"801745ded1714cbd1cf71a87e9a497c5cc52a79c"}
,"/Users/santiagosolis/Documents/Trabajo/ReactNative/jokesApp/src/components/SavedCards.tsx": {"path":"/Users/santiagosolis/Documents/Trabajo/ReactNative/jokesApp/src/components/SavedCards.tsx","statementMap":{"0":{"start":{"line":10,"column":40},"end":{"line":25,"column":1}},"1":{"start":{"line":11,"column":2},"end":{"line":24,"column":4}},"2":{"start":{"line":16,"column":10},"end":{"line":16,"column":73}},"3":{"start":{"line":18,"column":23},"end":{"line":18,"column":44}},"4":{"start":{"line":29,"column":15},"end":{"line":63,"column":2}}},"fnMap":{"0":{"name":"(anonymous_0)","decl":{"start":{"line":10,"column":40},"end":{"line":10,"column":41}},"loc":{"start":{"line":10,"column":66},"end":{"line":25,"column":1}},"line":10},"1":{"name":"(anonymous_1)","decl":{"start":{"line":15,"column":15},"end":{"line":15,"column":16}},"loc":{"start":{"line":16,"column":10},"end":{"line":16,"column":73}},"line":16},"2":{"name":"(anonymous_2)","decl":{"start":{"line":18,"column":17},"end":{"line":18,"column":18}},"loc":{"start":{"line":18,"column":23},"end":{"line":18,"column":44}},"line":18}},"branchMap":{"0":{"loc":{"start":{"line":16,"column":10},"end":{"line":16,"column":73}},"type":"cond-expr","locations":[{"start":{"line":16,"column":20},"end":{"line":16,"column":54}},{"start":{"line":16,"column":57},"end":{"line":16,"column":73}}],"line":16}},"s":{"0":2,"1":2,"2":2,"3":1,"4":2},"f":{"0":2,"1":2,"2":1},"b":{"0":[0,2]},"_coverageSchema":"1a1c01bbd47fc00a2c39e90264f33305004495a9","hash":"7a327b4de01f538256053c1fff67e680032a4d1c"}
,"/Users/santiagosolis/Documents/Trabajo/ReactNative/jokesApp/src/components/Title.tsx": {"path":"/Users/santiagosolis/Documents/Trabajo/ReactNative/jokesApp/src/components/Title.tsx","statementMap":{"0":{"start":{"line":9,"column":36},"end":{"line":15,"column":1}},"1":{"start":{"line":10,"column":2},"end":{"line":14,"column":4}},"2":{"start":{"line":19,"column":15},"end":{"line":30,"column":2}}},"fnMap":{"0":{"name":"(anonymous_0)","decl":{"start":{"line":9,"column":36},"end":{"line":9,"column":37}},"loc":{"start":{"line":9,"column":55},"end":{"line":15,"column":1}},"line":9}},"branchMap":{},"s":{"0":2,"1":38,"2":2},"f":{"0":38},"b":{},"_coverageSchema":"1a1c01bbd47fc00a2c39e90264f33305004495a9","hash":"1bae936442e319191ab1e10d6634c3e69515bbe8"}
,"/Users/santiagosolis/Documents/Trabajo/ReactNative/jokesApp/src/navigator/AppNavigator.tsx": {"path":"/Users/santiagosolis/Documents/Trabajo/ReactNative/jokesApp/src/navigator/AppNavigator.tsx","statementMap":{"0":{"start":{"line":8,"column":14},"end":{"line":8,"column":42}},"1":{"start":{"line":15,"column":21},"end":{"line":28,"column":1}},"2":{"start":{"line":16,"column":2},"end":{"line":27,"column":4}},"3":{"start":{"line":32,"column":15},"end":{"line":32,"column":36}}},"fnMap":{"0":{"name":"(anonymous_0)","decl":{"start":{"line":15,"column":21},"end":{"line":15,"column":22}},"loc":{"start":{"line":15,"column":27},"end":{"line":28,"column":1}},"line":15}},"branchMap":{},"s":{"0":1,"1":1,"2":3,"3":1},"f":{"0":3},"b":{},"_coverageSchema":"1a1c01bbd47fc00a2c39e90264f33305004495a9","hash":"a6552515c02757d4e6f1cbcd242ebec2a414d88f"}
,"/Users/santiagosolis/Documents/Trabajo/ReactNative/jokesApp/src/screens/Home.tsx": {"path":"/Users/santiagosolis/Documents/Trabajo/ReactNative/jokesApp/src/screens/Home.tsx","statementMap":{"0":{"start":{"line":21,"column":16},"end":{"line":21,"column":40}},"1":{"start":{"line":25,"column":28},"end":{"line":88,"column":1}},"2":{"start":{"line":26,"column":33},"end":{"line":26,"column":60}},"3":{"start":{"line":27,"column":56},"end":{"line":27,"column":66}},"4":{"start":{"line":28,"column":36},"end":{"line":28,"column":47}},"5":{"start":{"line":29,"column":28},"end":{"line":29,"column":39}},"6":{"start":{"line":31,"column":2},"end":{"line":41,"column":29}},"7":{"start":{"line":32,"column":4},"end":{"line":40,"column":7}},"8":{"start":{"line":34,"column":8},"end":{"line":38,"column":20}},"9":{"start":{"line":34,"column":34},"end":{"line":34,"column":63}},"10":{"start":{"line":43,"column":26},"end":{"line":46,"column":3}},"11":{"start":{"line":44,"column":4},"end":{"line":44,"column":28}},"12":{"start":{"line":45,"column":4},"end":{"line":45,"column":20}},"13":{"start":{"line":48,"column":25},"end":{"line":52,"column":3}},"14":{"start":{"line":49,"column":4},"end":{"line":51,"column":5}},"15":{"start":{"line":50,"column":6},"end":{"line":50,"column":31}},"16":{"start":{"line":53,"column":2},"end":{"line":87,"column":4}},"17":{"start":{"line":67,"column":14},"end":{"line":73,"column":16}},"18":{"start":{"line":76,"column":14},"end":{"line":76,"column":31}},"19":{"start":{"line":92,"column":15},"end":{"line":116,"column":2}}},"fnMap":{"0":{"name":"(anonymous_0)","decl":{"start":{"line":25,"column":28},"end":{"line":25,"column":29}},"loc":{"start":{"line":25,"column":46},"end":{"line":88,"column":1}},"line":25},"1":{"name":"(anonymous_1)","decl":{"start":{"line":31,"column":18},"end":{"line":31,"column":19}},"loc":{"start":{"line":31,"column":24},"end":{"line":41,"column":3}},"line":31},"2":{"name":"(anonymous_2)","decl":{"start":{"line":33,"column":19},"end":{"line":33,"column":20}},"loc":{"start":{"line":34,"column":8},"end":{"line":38,"column":20}},"line":34},"3":{"name":"(anonymous_3)","decl":{"start":{"line":34,"column":28},"end":{"line":34,"column":29}},"loc":{"start":{"line":34,"column":34},"end":{"line":34,"column":63}},"line":34},"4":{"name":"(anonymous_4)","decl":{"start":{"line":43,"column":26},"end":{"line":43,"column":27}},"loc":{"start":{"line":43,"column":45},"end":{"line":46,"column":3}},"line":43},"5":{"name":"(anonymous_5)","decl":{"start":{"line":48,"column":25},"end":{"line":48,"column":26}},"loc":{"start":{"line":48,"column":31},"end":{"line":52,"column":3}},"line":48},"6":{"name":"(anonymous_6)","decl":{"start":{"line":63,"column":24},"end":{"line":63,"column":25}},"loc":{"start":{"line":66,"column":17},"end":{"line":74,"column":13}},"line":66},"7":{"name":"(anonymous_7)","decl":{"start":{"line":75,"column":28},"end":{"line":75,"column":29}},"loc":{"start":{"line":75,"column":34},"end":{"line":77,"column":13}},"line":75}},"branchMap":{"0":{"loc":{"start":{"line":49,"column":4},"end":{"line":51,"column":5}},"type":"if","locations":[{"start":{"line":49,"column":4},"end":{"line":51,"column":5}},{"start":{},"end":{}}],"line":49},"1":{"loc":{"start":{"line":57,"column":9},"end":{"line":83,"column":9}},"type":"cond-expr","locations":[{"start":{"line":58,"column":10},"end":{"line":78,"column":12}},{"start":{"line":80,"column":10},"end":{"line":82,"column":17}}],"line":57},"2":{"loc":{"start":{"line":61,"column":21},"end":{"line":61,"column":48}},"type":"binary-expr","locations":[{"start":{"line":61,"column":21},"end":{"line":61,"column":30}},{"start":{"line":61,"column":34},"end":{"line":61,"column":48}}],"line":61}},"s":{"0":2,"1":2,"2":44,"3":44,"4":44,"5":44,"6":44,"7":4,"8":3,"9":1,"10":44,"11":0,"12":0,"13":44,"14":1,"15":1,"16":44,"17":16,"18":0,"19":2},"f":{"0":44,"1":4,"2":3,"3":1,"4":0,"5":1,"6":16,"7":0},"b":{"0":[1,0],"1":[4,40],"2":[4,0]},"_coverageSchema":"1a1c01bbd47fc00a2c39e90264f33305004495a9","hash":"f616f40d07cc88c29216c894321689363d45bfc7"}
,"/Users/santiagosolis/Documents/Trabajo/ReactNative/jokesApp/src/screens/Saved.tsx": {"path":"/Users/santiagosolis/Documents/Trabajo/ReactNative/jokesApp/src/screens/Saved.tsx","statementMap":{"0":{"start":{"line":6,"column":14},"end":{"line":32,"column":1}},"1":{"start":{"line":7,"column":36},"end":{"line":7,"column":63}},"2":{"start":{"line":8,"column":23},"end":{"line":12,"column":3}},"3":{"start":{"line":9,"column":4},"end":{"line":11,"column":5}},"4":{"start":{"line":10,"column":6},"end":{"line":10,"column":24}},"5":{"start":{"line":13,"column":2},"end":{"line":31,"column":4}},"6":{"start":{"line":17,"column":35},"end":{"line":17,"column":45}},"7":{"start":{"line":20,"column":12},"end":{"line":20,"column":71}},"8":{"start":{"line":36,"column":15},"end":{"line":55,"column":2}}},"fnMap":{"0":{"name":"(anonymous_0)","decl":{"start":{"line":6,"column":14},"end":{"line":6,"column":15}},"loc":{"start":{"line":6,"column":20},"end":{"line":32,"column":1}},"line":6},"1":{"name":"(anonymous_1)","decl":{"start":{"line":8,"column":23},"end":{"line":8,"column":24}},"loc":{"start":{"line":8,"column":39},"end":{"line":12,"column":3}},"line":8},"2":{"name":"(anonymous_2)","decl":{"start":{"line":17,"column":24},"end":{"line":17,"column":25}},"loc":{"start":{"line":17,"column":35},"end":{"line":17,"column":45}},"line":17},"3":{"name":"(anonymous_3)","decl":{"start":{"line":19,"column":22},"end":{"line":19,"column":23}},"loc":{"start":{"line":20,"column":12},"end":{"line":20,"column":71}},"line":20}},"branchMap":{"0":{"loc":{"start":{"line":9,"column":4},"end":{"line":11,"column":5}},"type":"if","locations":[{"start":{"line":9,"column":4},"end":{"line":11,"column":5}},{"start":{},"end":{}}],"line":9},"1":{"loc":{"start":{"line":15,"column":7},"end":{"line":29,"column":7}},"type":"cond-expr","locations":[{"start":{"line":16,"column":8},"end":{"line":24,"column":10}},{"start":{"line":26,"column":8},"end":{"line":28,"column":15}}],"line":15}},"s":{"0":2,"1":3,"2":3,"3":1,"4":1,"5":3,"6":2,"7":2,"8":2},"f":{"0":3,"1":1,"2":2,"3":2},"b":{"0":[1,0],"1":[2,1]},"_coverageSchema":"1a1c01bbd47fc00a2c39e90264f33305004495a9","hash":"c782fea71bde53348c9283aeb2b9f3b45e252e93"}
,"/Users/santiagosolis/Documents/Trabajo/ReactNative/jokesApp/src/store/Provider.tsx": {"path":"/Users/santiagosolis/Documents/Trabajo/ReactNative/jokesApp/src/store/Provider.tsx","statementMap":{"0":{"start":{"line":10,"column":45},"end":{"line":57,"column":1}},"1":{"start":{"line":11,"column":34},"end":{"line":11,"column":54}},"2":{"start":{"line":12,"column":28},"end":{"line":12,"column":45}},"3":{"start":{"line":14,"column":2},"end":{"line":31,"column":9}},"4":{"start":{"line":15,"column":22},"end":{"line":24,"column":5}},"5":{"start":{"line":16,"column":16},"end":{"line":16,"column":56}},"6":{"start":{"line":17,"column":6},"end":{"line":23,"column":7}},"7":{"start":{"line":18,"column":8},"end":{"line":18,"column":20}},"8":{"start":{"line":19,"column":23},"end":{"line":21,"column":10}},"9":{"start":{"line":20,"column":10},"end":{"line":20,"column":40}},"10":{"start":{"line":22,"column":8},"end":{"line":22,"column":28}},"11":{"start":{"line":25,"column":4},"end":{"line":25,"column":16}},"12":{"start":{"line":26,"column":4},"end":{"line":30,"column":6}},"13":{"start":{"line":27,"column":6},"end":{"line":29,"column":7}},"14":{"start":{"line":28,"column":8},"end":{"line":28,"column":22}},"15":{"start":{"line":33,"column":21},"end":{"line":42,"column":3}},"16":{"start":{"line":34,"column":4},"end":{"line":41,"column":5}},"17":{"start":{"line":35,"column":6},"end":{"line":39,"column":7}},"18":{"start":{"line":36,"column":8},"end":{"line":38,"column":11}},"19":{"start":{"line":37,"column":10},"end":{"line":37,"column":37}},"20":{"start":{"line":40,"column":6},"end":{"line":40,"column":51}},"21":{"start":{"line":40,"column":30},"end":{"line":40,"column":49}},"22":{"start":{"line":43,"column":24},"end":{"line":51,"column":3}},"23":{"start":{"line":44,"column":4},"end":{"line":49,"column":5}},"24":{"start":{"line":45,"column":6},"end":{"line":48,"column":9}},"25":{"start":{"line":46,"column":21},"end":{"line":46,"column":64}},"26":{"start":{"line":47,"column":8},"end":{"line":47,"column":27}},"27":{"start":{"line":50,"column":4},"end":{"line":50,"column":69}},"28":{"start":{"line":50,"column":28},"end":{"line":50,"column":67}},"29":{"start":{"line":50,"column":52},"end":{"line":50,"column":66}},"30":{"start":{"line":52,"column":2},"end":{"line":56,"column":4}}},"fnMap":{"0":{"name":"(anonymous_0)","decl":{"start":{"line":10,"column":45},"end":{"line":10,"column":46}},"loc":{"start":{"line":10,"column":61},"end":{"line":57,"column":1}},"line":10},"1":{"name":"(anonymous_1)","decl":{"start":{"line":14,"column":12},"end":{"line":14,"column":13}},"loc":{"start":{"line":14,"column":18},"end":{"line":31,"column":3}},"line":14},"2":{"name":"(anonymous_2)","decl":{"start":{"line":15,"column":22},"end":{"line":15,"column":23}},"loc":{"start":{"line":15,"column":34},"end":{"line":24,"column":5}},"line":15},"3":{"name":"(anonymous_3)","decl":{"start":{"line":19,"column":51},"end":{"line":19,"column":52}},"loc":{"start":{"line":19,"column":60},"end":{"line":21,"column":9}},"line":19},"4":{"name":"(anonymous_4)","decl":{"start":{"line":26,"column":11},"end":{"line":26,"column":12}},"loc":{"start":{"line":26,"column":17},"end":{"line":30,"column":5}},"line":26},"5":{"name":"(anonymous_5)","decl":{"start":{"line":33,"column":21},"end":{"line":33,"column":22}},"loc":{"start":{"line":33,"column":37},"end":{"line":42,"column":3}},"line":33},"6":{"name":"(anonymous_6)","decl":{"start":{"line":36,"column":20},"end":{"line":36,"column":21}},"loc":{"start":{"line":36,"column":26},"end":{"line":38,"column":9}},"line":36},"7":{"name":"(anonymous_7)","decl":{"start":{"line":40,"column":18},"end":{"line":40,"column":19}},"loc":{"start":{"line":40,"column":30},"end":{"line":40,"column":49}},"line":40},"8":{"name":"(anonymous_8)","decl":{"start":{"line":43,"column":24},"end":{"line":43,"column":25}},"loc":{"start":{"line":43,"column":40},"end":{"line":51,"column":3}},"line":43},"9":{"name":"(anonymous_9)","decl":{"start":{"line":45,"column":18},"end":{"line":45,"column":19}},"loc":{"start":{"line":45,"column":24},"end":{"line":48,"column":7}},"line":45},"10":{"name":"(anonymous_10)","decl":{"start":{"line":50,"column":16},"end":{"line":50,"column":17}},"loc":{"start":{"line":50,"column":28},"end":{"line":50,"column":67}},"line":50},"11":{"name":"(anonymous_11)","decl":{"start":{"line":50,"column":44},"end":{"line":50,"column":45}},"loc":{"start":{"line":50,"column":52},"end":{"line":50,"column":66}},"line":50}},"branchMap":{"0":{"loc":{"start":{"line":17,"column":6},"end":{"line":23,"column":7}},"type":"if","locations":[{"start":{"line":17,"column":6},"end":{"line":23,"column":7}},{"start":{},"end":{}}],"line":17},"1":{"loc":{"start":{"line":17,"column":10},"end":{"line":17,"column":34}},"type":"binary-expr","locations":[{"start":{"line":17,"column":10},"end":{"line":17,"column":19}},{"start":{"line":17,"column":23},"end":{"line":17,"column":34}}],"line":17},"2":{"loc":{"start":{"line":27,"column":6},"end":{"line":29,"column":7}},"type":"if","locations":[{"start":{"line":27,"column":6},"end":{"line":29,"column":7}},{"start":{},"end":{}}],"line":27},"3":{"loc":{"start":{"line":27,"column":10},"end":{"line":27,"column":36}},"type":"binary-expr","locations":[{"start":{"line":27,"column":10},"end":{"line":27,"column":17}},{"start":{"line":27,"column":21},"end":{"line":27,"column":36}}],"line":27},"4":{"loc":{"start":{"line":34,"column":4},"end":{"line":41,"column":5}},"type":"if","locations":[{"start":{"line":34,"column":4},"end":{"line":41,"column":5}},{"start":{},"end":{}}],"line":34},"5":{"loc":{"start":{"line":35,"column":6},"end":{"line":39,"column":7}},"type":"if","locations":[{"start":{"line":35,"column":6},"end":{"line":39,"column":7}},{"start":{},"end":{}}],"line":35},"6":{"loc":{"start":{"line":35,"column":10},"end":{"line":35,"column":36}},"type":"binary-expr","locations":[{"start":{"line":35,"column":10},"end":{"line":35,"column":17}},{"start":{"line":35,"column":21},"end":{"line":35,"column":36}}],"line":35},"7":{"loc":{"start":{"line":44,"column":4},"end":{"line":49,"column":5}},"type":"if","locations":[{"start":{"line":44,"column":4},"end":{"line":49,"column":5}},{"start":{},"end":{}}],"line":44},"8":{"loc":{"start":{"line":44,"column":8},"end":{"line":44,"column":34}},"type":"binary-expr","locations":[{"start":{"line":44,"column":8},"end":{"line":44,"column":15}},{"start":{"line":44,"column":19},"end":{"line":44,"column":34}}],"line":44}},"s":{"0":1,"1":19,"2":19,"3":19,"4":5,"5":5,"6":5,"7":5,"8":5,"9":0,"10":5,"11":5,"12":5,"13":4,"14":0,"15":19,"16":4,"17":3,"18":0,"19":0,"20":3,"21":3,"22":19,"23":1,"24":0,"25":0,"26":0,"27":1,"28":1,"29":1,"30":19},"f":{"0":19,"1":5,"2":5,"3":0,"4":4,"5":4,"6":0,"7":3,"8":1,"9":0,"10":1,"11":1},"b":{"0":[5,0],"1":[5,5],"2":[0,4],"3":[4,0],"4":[3,1],"5":[0,3],"6":[3,0],"7":[0,1],"8":[1,0]},"_coverageSchema":"1a1c01bbd47fc00a2c39e90264f33305004495a9","hash":"dca6d2fc69c42ae7164546ba7b33d65307fb022c"}
}
