TN:
SF:src/components/Button.tsx
FN:9,(anonymous_0)
FNF:1
FNH:1
FNDA:39,(anonymous_0)
DA:9,3
DA:10,39
DA:19,3
LF:3
LH:3
BRF:0
BRH:0
end_of_record
TN:
SF:src/components/Card.tsx
FN:20,(anonymous_0)
FNF:1
FNH:1
FNDA:18,(anonymous_0)
DA:12,3
DA:20,3
DA:21,18
DA:46,3
LF:4
LH:4
BRDA:26,0,0,17
BRDA:26,0,1,1
BRDA:31,1,0,18
BRDA:31,1,1,1
BRDA:36,2,0,1
BRDA:36,2,1,17
BRDA:39,3,0,1
BRDA:39,3,1,17
BRF:8
BRH:8
end_of_record
TN:
SF:src/components/Carousel.tsx
FN:26,(anonymous_0)
FN:36,(anonymous_1)
FN:68,(anonymous_2)
FN:72,(anonymous_3)
FNF:4
FNH:3
FNDA:6,(anonymous_0)
FNDA:0,(anonymous_1)
FNDA:18,(anonymous_2)
FNDA:1,(anonymous_3)
DA:15,3
DA:26,3
DA:34,6
DA:35,6
DA:37,0
DA:38,0
DA:43,6
DA:49,6
DA:68,18
DA:73,1
DA:74,1
DA:85,3
LF:12
LH:10
BRDA:37,0,0,0
BRDA:37,0,1,0
BRDA:37,1,0,0
BRDA:37,1,1,0
BRDA:38,2,0,0
BRDA:38,2,1,0
BRDA:73,3,0,1
BRDA:73,3,1,0
BRF:8
BRH:1
end_of_record
TN:
SF:src/components/Indicator.tsx
FN:6,(anonymous_0)
FN:17,(anonymous_1)
FNF:2
FNH:2
FNDA:6,(anonymous_0)
FNDA:24,(anonymous_1)
DA:4,3
DA:6,3
DA:13,6
DA:18,24
DA:19,24
DA:29,3
LF:6
LH:6
BRDA:18,0,0,6
BRDA:18,0,1,18
BRF:2
BRH:2
end_of_record
TN:
SF:src/components/SavedCards.tsx
FN:10,(anonymous_0)
FN:15,(anonymous_1)
FN:18,(anonymous_2)
FNF:3
FNH:3
FNDA:2,(anonymous_0)
FNDA:2,(anonymous_1)
FNDA:1,(anonymous_2)
DA:10,2
DA:11,2
DA:16,2
DA:18,1
DA:29,2
LF:5
LH:5
BRDA:16,0,0,0
BRDA:16,0,1,2
BRF:2
BRH:1
end_of_record
TN:
SF:src/components/Title.tsx
FN:9,(anonymous_0)
FNF:1
FNH:1
FNDA:38,(anonymous_0)
DA:9,2
DA:10,38
DA:19,2
LF:3
LH:3
BRF:0
BRH:0
end_of_record
TN:
SF:src/navigator/AppNavigator.tsx
FN:15,(anonymous_0)
FNF:1
FNH:1
FNDA:3,(anonymous_0)
DA:8,1
DA:15,1
DA:16,3
DA:32,1
LF:4
LH:4
BRF:0
BRH:0
end_of_record
TN:
SF:src/screens/Home.tsx
FN:25,(anonymous_0)
FN:31,(anonymous_1)
FN:33,(anonymous_2)
FN:34,(anonymous_3)
FN:43,(anonymous_4)
FN:48,(anonymous_5)
FN:63,(anonymous_6)
FN:75,(anonymous_7)
FNF:8
FNH:6
FNDA:44,(anonymous_0)
FNDA:4,(anonymous_1)
FNDA:3,(anonymous_2)
FNDA:1,(anonymous_3)
FNDA:0,(anonymous_4)
FNDA:1,(anonymous_5)
FNDA:16,(anonymous_6)
FNDA:0,(anonymous_7)
DA:21,2
DA:25,2
DA:26,44
DA:27,44
DA:28,44
DA:29,44
DA:31,44
DA:32,4
DA:34,3
DA:43,44
DA:44,0
DA:45,0
DA:48,44
DA:49,1
DA:50,1
DA:53,44
DA:67,16
DA:76,0
DA:92,2
LF:19
LH:16
BRDA:49,0,0,1
BRDA:49,0,1,0
BRDA:57,1,0,4
BRDA:57,1,1,40
BRDA:61,2,0,4
BRDA:61,2,1,0
BRF:6
BRH:4
end_of_record
TN:
SF:src/screens/Saved.tsx
FN:6,(anonymous_0)
FN:8,(anonymous_1)
FN:17,(anonymous_2)
FN:19,(anonymous_3)
FNF:4
FNH:4
FNDA:3,(anonymous_0)
FNDA:1,(anonymous_1)
FNDA:2,(anonymous_2)
FNDA:2,(anonymous_3)
DA:6,2
DA:7,3
DA:8,3
DA:9,1
DA:10,1
DA:13,3
DA:17,2
DA:20,2
DA:36,2
LF:9
LH:9
BRDA:9,0,0,1
BRDA:9,0,1,0
BRDA:15,1,0,2
BRDA:15,1,1,1
BRF:4
BRH:3
end_of_record
TN:
SF:src/store/Provider.tsx
FN:10,(anonymous_0)
FN:14,(anonymous_1)
FN:15,(anonymous_2)
FN:19,(anonymous_3)
FN:26,(anonymous_4)
FN:33,(anonymous_5)
FN:36,(anonymous_6)
FN:40,(anonymous_7)
FN:43,(anonymous_8)
FN:45,(anonymous_9)
FN:50,(anonymous_10)
FN:50,(anonymous_11)
FNF:12
FNH:9
FNDA:19,(anonymous_0)
FNDA:5,(anonymous_1)
FNDA:5,(anonymous_2)
FNDA:0,(anonymous_3)
FNDA:4,(anonymous_4)
FNDA:4,(anonymous_5)
FNDA:0,(anonymous_6)
FNDA:3,(anonymous_7)
FNDA:1,(anonymous_8)
FNDA:0,(anonymous_9)
FNDA:1,(anonymous_10)
FNDA:1,(anonymous_11)
DA:10,1
DA:11,19
DA:12,19
DA:14,19
DA:15,5
DA:16,5
DA:17,5
DA:18,5
DA:19,5
DA:20,0
DA:22,5
DA:25,5
DA:26,5
DA:27,4
DA:28,0
DA:33,19
DA:34,4
DA:35,3
DA:36,0
DA:37,0
DA:40,3
DA:43,19
DA:44,1
DA:45,0
DA:46,0
DA:47,0
DA:50,1
DA:52,19
LF:28
LH:21
BRDA:17,0,0,5
BRDA:17,0,1,0
BRDA:17,1,0,5
BRDA:17,1,1,5
BRDA:27,2,0,0
BRDA:27,2,1,4
BRDA:27,3,0,4
BRDA:27,3,1,0
BRDA:34,4,0,3
BRDA:34,4,1,1
BRDA:35,5,0,0
BRDA:35,5,1,3
BRDA:35,6,0,3
BRDA:35,6,1,0
BRDA:44,7,0,0
BRDA:44,7,1,1
BRDA:44,8,0,1
BRDA:44,8,1,0
BRF:18
BRH:11
end_of_record
